Time resolution is 1 ps
time = 8650000, input = 0, output = 0, NN_done = 1
pool out: '{0,0,0,0,0,0,0,0,0,0,0,0,0,0,0,0,0,0,0,0,0,0,0,0,0,0,0,0,0,0,0,0,0,0,0,240,239,34,0,0,0,0,0,0,0,0,0,0,16,237,252,32,15,0,0,0,0,0,0,0,0,237,253,252,247,244,2,0,0,0,0,0,0,0,8,255,252,214,250,247,245,51,1,0,0,0,0,0,18,251,232,5,0,0,19,252,17,0,0,0,0,0,236,252,0,0,0,0,20,253,241,0,0,0,0,0,236,251,0,0,0,247,246,255,7,0,0,0,0,0,236,252,36,248,236,244,252,237,0,0,0,0,0,0,36,245,252,251,252,230,238,0,0,0,0,0,0,0,0,243,251,231,33,34,0,0,0,0,0,0,0,0,0,0,0,0,0,0,0,0,0,0,0,0,0,0,0,0,0,0,0,0,0,0,0,0}
time = 17310000, input = 1, output = 4, NN_done = 1
pool out: '{0,0,0,0,0,0,0,0,0,0,0,0,0,0,0,0,0,0,0,0,0,0,0,0,0,0,0,0,0,0,0,0,0,0,0,0,0,29,47,0,0,0,0,0,0,0,0,0,0,0,11,192,0,0,0,0,0,0,0,0,0,0,0,0,7,9,0,0,0,0,0,0,0,0,0,0,0,0,30,230,0,0,0,0,0,0,0,0,0,0,0,14,209,21,0,0,0,0,0,0,0,0,0,0,0,9,252,0,0,0,0,0,0,0,0,0,0,0,0,29,221,0,0,0,0,0,0,0,0,0,0,0,0,221,244,0,0,0,0,0,0,0,0,0,0,0,242,241,17,0,0,0,0,0,0,0,0,0,0,0,235,12,0,0,0,0,0,0,0,0,0,0,0,0,0,0,0,0,0,0,0,0,0,0,0,0,0,0,0,0,0,0,0,0,0,0}
time = 25970000, input = 2, output = 2, NN_done = 1
pool out: '{0,0,0,0,0,0,0,0,0,0,0,0,0,0,0,0,0,0,0,0,60,234,229,23,0,0,0,0,0,0,0,0,0,211,253,215,233,27,0,0,0,0,0,0,0,0,32,241,2,3,17,241,0,0,0,0,0,0,0,0,0,12,0,29,240,3,0,0,0,0,0,0,0,0,0,0,0,240,220,15,0,0,0,0,0,0,0,0,0,0,236,246,243,0,0,0,0,0,0,0,0,0,0,19,238,212,0,0,0,0,0,0,0,0,0,0,0,215,233,230,0,0,0,0,0,0,0,0,0,0,0,250,15,10,10,1,6,14,203,202,2,0,0,0,0,232,253,253,253,204,231,250,230,57,45,0,0,0,0,29,61,8,254,230,61,10,0,0,0,0,0,0,0,0,0,0,0,0,0,0,0,0,0,0,0,0,0,0,0,0,0,0,0,0,0,0}
time = 34630000, input = 3, output = 2, NN_done = 1
pool out: '{0,0,0,0,0,0,0,0,0,0,0,0,0,0,0,0,0,0,0,0,0,0,0,0,0,0,0,0,0,0,0,3,236,199,243,4,0,0,0,0,0,0,0,0,0,250,252,252,20,7,226,0,0,0,0,0,0,0,0,237,243,0,15,248,230,235,0,0,0,0,0,0,0,211,14,25,5,57,222,50,0,0,0,0,0,0,0,27,44,12,253,253,253,245,21,24,0,0,0,0,0,0,0,18,213,6,17,6,223,242,5,0,0,0,0,0,0,15,32,0,0,0,14,237,232,18,0,0,0,0,0,49,252,29,0,0,0,38,252,212,0,0,0,0,0,3,232,219,6,252,25,240,239,233,0,0,0,0,0,0,0,5,7,243,52,251,36,0,0,0,0,0,0,0,0,0,0,0,0,0,0,0,0,0,0,0,0,0,0,0,0,0,0,0,0,0}
time = 43290000, input = 4, output = 4, NN_done = 1
pool out: '{0,0,0,0,0,0,0,0,0,0,0,0,0,0,0,0,0,0,0,0,0,0,0,0,0,0,0,0,0,0,0,0,0,0,4,0,0,0,17,7,0,0,0,0,0,0,0,1,2,0,0,0,253,225,0,0,0,0,0,0,0,23,217,0,0,0,12,8,0,0,0,0,0,0,21,217,13,0,0,0,230,245,0,0,0,0,0,0,230,24,0,0,0,233,236,16,0,0,0,0,0,0,249,225,0,0,0,239,2,0,0,0,0,0,0,0,244,216,40,40,189,237,26,0,0,0,0,0,0,0,0,12,42,42,0,6,9,0,0,0,0,0,0,0,0,0,0,0,0,254,254,0,0,0,0,0,0,0,0,0,0,0,0,213,24,0,0,0,0,0,0,0,0,0,0,0,0,253,0,0,0,0,0,0,0,0,0,0,0,0,0,0,0,0,0,0}
time = 51950000, input = 5, output = 5, NN_done = 1
pool out: '{0,0,0,0,0,0,0,0,0,0,0,0,0,0,0,0,0,0,0,0,0,0,0,0,0,0,0,0,0,0,0,0,0,0,0,0,18,224,22,4,242,11,0,0,0,0,0,0,0,251,250,253,253,222,211,233,0,0,0,0,2,216,37,17,251,9,22,2,0,0,0,0,0,3,206,222,2,0,0,0,0,0,0,0,0,0,0,252,225,7,0,0,0,0,0,0,0,0,0,0,0,250,251,42,251,51,21,28,0,0,0,0,0,0,0,227,2,244,253,253,253,247,8,0,0,0,0,0,0,0,0,16,34,252,241,230,214,0,0,0,0,0,0,0,0,0,14,231,236,252,210,0,0,0,0,0,0,0,0,0,0,242,245,220,0,0,0,0,0,0,0,0,0,0,0,0,0,0,0,0,0,0,0,0,0,0,0,0,0,0,0,0,0,0,0,0}
time = 60610000, input = 6, output = 6, NN_done = 1
pool out: '{0,0,0,0,0,0,0,0,0,0,0,0,0,0,0,0,0,0,0,0,244,235,0,0,0,0,0,0,0,0,0,0,0,31,210,44,0,0,0,0,0,0,0,0,0,0,0,201,38,0,0,0,0,0,0,0,0,0,0,0,0,234,226,0,0,0,35,30,0,0,0,0,0,0,2,233,24,1,6,221,226,242,32,0,0,0,0,0,3,255,0,203,235,229,7,207,26,0,0,0,0,0,223,55,238,226,231,0,0,201,229,0,0,0,0,0,226,54,239,229,35,0,0,244,248,0,0,0,0,0,236,7,2,249,11,241,1,60,0,0,0,0,0,0,7,239,3,26,208,228,14,0,0,0,0,0,0,0,0,4,252,223,197,10,0,0,0,0,0,0,0,0,0,0,0,0,0,0,0,0,0,0,0,0,0,0,0,0,0,0,0,0,0,0,0,0}
time = 69270000, input = 7, output = 7, NN_done = 1
pool out: '{0,0,0,0,0,0,0,0,0,0,0,0,0,0,0,0,0,0,0,0,0,0,0,0,0,0,0,0,0,0,0,0,0,0,0,0,0,0,0,0,0,0,0,0,0,0,3,205,24,0,0,0,0,0,0,0,0,0,0,0,36,45,221,218,226,225,219,218,0,0,0,0,0,0,0,0,4,20,33,31,20,18,0,0,0,0,0,0,0,0,0,0,0,229,245,31,0,0,0,0,0,0,0,0,0,0,0,237,255,0,0,0,0,0,0,0,0,0,0,0,33,222,14,0,0,0,0,0,0,0,0,0,0,4,8,243,0,0,0,0,0,0,0,0,0,0,0,252,9,8,0,0,0,0,0,0,0,0,0,0,233,246,42,0,0,0,0,0,0,0,0,0,0,0,41,245,23,0,0,0,0,0,0,0,0,0,0,0,29,248,0,0,0,0,0,0}
time = 77930000, input = 8, output = 8, NN_done = 1
pool out: '{0,0,0,0,0,0,0,0,0,0,0,0,0,0,0,0,0,0,0,0,0,0,0,0,0,0,0,0,0,0,0,0,0,0,0,10,23,0,0,0,0,0,0,0,0,0,0,0,242,24,253,230,230,244,254,0,0,0,0,0,0,240,240,231,63,38,38,196,219,0,0,0,0,0,0,252,253,29,0,0,8,7,219,0,0,0,0,0,0,0,219,246,10,22,228,217,246,0,0,0,0,0,0,0,29,236,240,11,221,4,0,0,0,0,0,6,218,250,236,43,243,33,0,0,0,0,0,0,0,194,253,242,22,10,251,10,0,0,0,0,0,0,0,225,31,213,230,230,27,8,0,0,0,0,0,0,0,0,0,0,0,0,0,0,0,0,0,0,0,0,0,0,0,0,0,0,0,0,0,0,0,0,0,0,0,0,0,0,0,0,0,0,0,0,0,0}
time = 86590000, input = 9, output = 2, NN_done = 1
pool out: '{0,0,0,0,0,0,0,0,0,0,0,0,0,0,0,0,0,0,0,0,0,0,0,0,0,0,0,0,0,0,0,0,0,0,0,0,0,0,0,0,0,0,0,0,0,0,0,0,18,212,6,0,0,0,0,0,0,0,0,0,0,235,249,253,232,30,0,0,0,0,0,0,0,0,0,23,227,8,244,241,4,0,0,0,0,0,0,0,0,255,250,0,230,208,3,0,0,0,0,0,0,0,0,20,252,253,241,239,240,0,0,0,0,0,0,0,0,17,244,202,2,207,232,0,0,0,0,0,0,0,0,0,0,0,0,22,224,36,0,0,0,0,0,0,0,0,0,0,0,0,38,243,2,0,0,0,0,0,0,0,0,0,0,0,5,253,244,0,0,0,0,0,0,0,0,0,0,0,0,242,18,0,0,0,0,0,0,0,0,0,0,0,0,0,0,0}
$finish called at time : 86600 ns : File "E:/VerilogProjects/Digit_Classification_FFN/Digit_Classification_FFN.srcs/sim_1/new/NN_tb.sv" Line 119
