INFO: [VRFC 10-2263] Analyzing SystemVerilog file "E:/VerilogProjects/Digit_Classification_FFN/Digit_Classification_FFN.srcs/sources_1/new/avg_pooling.sv" into library xil_defaultlib
INFO: [VRFC 10-311] analyzing module avg_pooling
INFO: [VRFC 10-2263] Analyzing SystemVerilog file "E:/VerilogProjects/Digit_Classification_FFN/Digit_Classification_FFN.srcs/sources_1/new/avg_pooling_layer.sv" into library xil_defaultlib
INFO: [VRFC 10-311] analyzing module avg_pooling_layer
INFO: [VRFC 10-2263] Analyzing SystemVerilog file "E:/VerilogProjects/Digit_Classification_FFN/Digit_Classification_FFN.srcs/sources_1/new/dense_layer.sv" into library xil_defaultlib
INFO: [VRFC 10-311] analyzing module dense_layer
INFO: [VRFC 10-2263] Analyzing SystemVerilog file "E:/VerilogProjects/Digit_Classification_FFN/Digit_Classification_FFN.srcs/sources_1/new/dense_layer1.sv" into library xil_defaultlib
INFO: [VRFC 10-311] analyzing module dense_layer1
INFO: [VRFC 10-2263] Analyzing SystemVerilog file "E:/VerilogProjects/Digit_Classification_FFN/Digit_Classification_FFN.srcs/sources_1/new/dense_layer2.sv" into library xil_defaultlib
INFO: [VRFC 10-311] analyzing module dense_layer2
INFO: [VRFC 10-2263] Analyzing SystemVerilog file "E:/VerilogProjects/Digit_Classification_FFN/Digit_Classification_FFN.srcs/sources_1/new/neural_net_top.sv" into library xil_defaultlib
INFO: [VRFC 10-311] analyzing module neural_net_top
INFO: [VRFC 10-2263] Analyzing SystemVerilog file "E:/VerilogProjects/Digit_Classification_FFN/Digit_Classification_FFN.srcs/sources_1/new/neuron.sv" into library xil_defaultlib
INFO: [VRFC 10-311] analyzing module neuron
INFO: [VRFC 10-2263] Analyzing SystemVerilog file "E:/VerilogProjects/Digit_Classification_FFN/Digit_Classification_FFN.srcs/sources_1/new/relu.sv" into library xil_defaultlib
INFO: [VRFC 10-311] analyzing module relu
INFO: [VRFC 10-2263] Analyzing SystemVerilog file "E:/VerilogProjects/Digit_Classification_FFN/Digit_Classification_FFN.srcs/sources_1/new/select_max.sv" into library xil_defaultlib
INFO: [VRFC 10-311] analyzing module select_max
INFO: [VRFC 10-2263] Analyzing SystemVerilog file "E:/VerilogProjects/Digit_Classification_FFN/Digit_Classification_FFN.srcs/sim_1/new/NN_tb.sv" into library xil_defaultlib
INFO: [VRFC 10-311] analyzing module NN_tb
WARNING: [VRFC 10-3380] identifier 'i' is used before its declaration [E:/VerilogProjects/Digit_Classification_FFN/Digit_Classification_FFN.srcs/sim_1/new/NN_tb.sv:94]
